#
# There is insufficient memory for the Java Runtime Environment to continue.
# Native memory allocation (malloc) failed to allocate 1584656 bytes for Chunk::new
# Possible reasons:
#   The system is out of physical RAM or swap space
#   In 32 bit mode, the process size limit was hit
# Possible solutions:
#   Reduce memory load on the system
#   Increase physical memory or swap space
#   Check if swap backing store is full
#   Use 64 bit Java on a 64 bit OS
#   Decrease Java heap size (-Xmx/-Xms)
#   Decrease number of Java threads
#   Decrease Java thread stack sizes (-Xss)
#   Set larger code cache with -XX:ReservedCodeCacheSize=
# This output file may be truncated or incomplete.
#
#  Out of Memory Error (allocation.cpp:390), pid=6508, tid=0x00000000000009e0
#
# JRE version: OpenJDK Runtime Environment (8.0_152-b02) (build 1.8.0_152-release-1024-b02)
# Java VM: OpenJDK 64-Bit Server VM (25.152-b02 mixed mode windows-amd64 compressed oops)
# Failed to write core dump. Minidumps are not enabled by default on client versions of Windows
#

---------------  T H R E A D  ---------------

Current thread (0x00000000182fa000):  JavaThread "C2 CompilerThread0" daemon [_thread_in_native, id=2528, stack(0x0000000019a50000,0x0000000019b50000)]

Stack: [0x0000000019a50000,0x0000000019b50000]
[error occurred during error reporting (printing stack bounds), id 0xc0000005]

Native frames: (J=compiled Java code, j=interpreted, Vv=VM code, C=native code)


Current CompileTask:
C2: 220010 16070       4       com.android.tools.r8.graph.DexDebugEventBuilder::add (313 bytes)


---------------  P R O C E S S  ---------------

Java Threads: ( => current thread )
  0x000000001ff81000 JavaThread "ForkJoinPool-1-worker-0" daemon [_thread_blocked, id=2164, stack(0x00000000379e0000,0x0000000037ae0000)]
  0x000000001ff87000 JavaThread "ForkJoinPool-1-worker-1" daemon [_thread_blocked, id=2960, stack(0x00000000378e0000,0x00000000379e0000)]
  0x000000001ff85800 JavaThread "ForkJoinPool.commonPool-worker-1" daemon [_thread_blocked, id=11436, stack(0x0000000027910000,0x0000000027a10000)]
  0x000000001ff83800 JavaThread "Cache worker for Java compile cache (C:\Users\Vanessa\AndroidStudioProjects\after_school\DodoApp\R_Client\.gradle\4.4\javaCompile)" [_thread_blocked, id=232, stack(0x0000000027310000,0x0000000027410000)]
  0x00000000228e1800 JavaThread "Task worker for ':' Thread 3" [_thread_in_Java, id=11820, stack(0x0000000025810000,0x0000000025910000)]
  0x00000000228de800 JavaThread "Task worker for ':' Thread 2" [_thread_blocked, id=9356, stack(0x0000000025710000,0x0000000025810000)]
  0x00000000228de000 JavaThread "Task worker for ':'" [_thread_blocked, id=10396, stack(0x0000000025610000,0x0000000025710000)]
  0x00000000228db800 JavaThread "Cache worker for Build Output Cleanup Cache (C:\Users\Vanessa\AndroidStudioProjects\after_school\DodoApp\R_Client\.gradle\buildOutputCleanup)" [_thread_blocked, id=7072, stack(0x0000000025310000,0x0000000025410000)]
  0x00000000228e2800 JavaThread "Cache worker for task history cache (C:\Users\Vanessa\AndroidStudioProjects\after_school\DodoApp\R_Client\.gradle\4.4\taskHistory)" [_thread_blocked, id=11088, stack(0x0000000025210000,0x0000000025310000)]
  0x00000000228dc800 JavaThread "Cache worker for file content cache (C:\Users\Vanessa\AndroidStudioProjects\after_school\DodoApp\R_Client\.gradle\4.4\fileContent)" [_thread_blocked, id=9504, stack(0x0000000024cf0000,0x0000000024df0000)]
  0x000000001eab2800 JavaThread "Memory manager" [_thread_blocked, id=1264, stack(0x0000000021c40000,0x0000000021d40000)]
  0x000000001eab1800 JavaThread "build operations Thread 4" [_thread_blocked, id=2732, stack(0x0000000021540000,0x0000000021640000)]
  0x000000001eab4000 JavaThread "build operations Thread 3" [_thread_blocked, id=4728, stack(0x0000000021440000,0x0000000021540000)]
  0x000000001eab8800 JavaThread "build operations Thread 2" [_thread_blocked, id=7644, stack(0x0000000021340000,0x0000000021440000)]
  0x000000001eab7800 JavaThread "build operations" [_thread_blocked, id=1520, stack(0x0000000020d50000,0x0000000020e50000)]
  0x000000001eab6000 JavaThread "Cache worker for Artifact transforms cache (C:\Users\Vanessa\.gradle\caches\transforms-1)" [_thread_blocked, id=2184, stack(0x0000000020b50000,0x0000000020c50000)]
  0x000000001e730800 JavaThread "Cache worker for file hash cache (C:\Users\Vanessa\AndroidStudioProjects\after_school\DodoApp\R_Client\.gradle\4.4\fileHashes)" [_thread_blocked, id=8504, stack(0x000000001f680000,0x000000001f780000)]
  0x000000001cf6b800 JavaThread "File lock request listener" [_thread_in_native, id=10724, stack(0x000000001e100000,0x000000001e200000)]
  0x000000001b1c9800 JavaThread "Cache worker for file hash cache (C:\Users\Vanessa\.gradle\caches\4.4\fileHashes)" [_thread_blocked, id=12028, stack(0x000000001e000000,0x000000001e100000)]
  0x0000000019eaf000 JavaThread "Asynchronous log dispatcher for DefaultDaemonConnection: socket connection from /127.0.0.1:62391 to /127.0.0.1:62392" [_thread_blocked, id=10764, stack(0x000000001cc30000,0x000000001cd30000)]
  0x0000000019d9a000 JavaThread "Daemon worker" [_thread_blocked, id=9016, stack(0x000000001cb30000,0x000000001cc30000)]
  0x000000001b00c800 JavaThread "Cancel handler" [_thread_blocked, id=9300, stack(0x000000001ca30000,0x000000001cb30000)]
  0x000000001af08800 JavaThread "Handler for socket connection from /127.0.0.1:62391 to /127.0.0.1:62392" [_thread_in_native, id=4392, stack(0x000000001c730000,0x000000001c830000)]
  0x000000001af08000 JavaThread "Daemon" [_thread_blocked, id=5720, stack(0x000000001c630000,0x000000001c730000)]
  0x000000001a0ec000 JavaThread "Daemon periodic checks" [_thread_blocked, id=3020, stack(0x000000001c530000,0x000000001c630000)]
  0x000000001a479000 JavaThread "Incoming local TCP Connector on port 62391" [_thread_in_native, id=2620, stack(0x000000001c060000,0x000000001c160000)]
  0x000000001835b000 JavaThread "Service Thread" daemon [_thread_blocked, id=10944, stack(0x000000001a150000,0x000000001a250000)]
  0x0000000018301000 JavaThread "C1 CompilerThread2" daemon [_thread_blocked, id=4800, stack(0x0000000019c50000,0x0000000019d50000)]
  0x00000000182fe800 JavaThread "C2 CompilerThread1" daemon [_thread_in_native, id=10768, stack(0x0000000019b50000,0x0000000019c50000)]
=>0x00000000182fa000 JavaThread "C2 CompilerThread0" daemon [_thread_in_native, id=2528, stack(0x0000000019a50000,0x0000000019b50000)]
  0x0000000018307000 JavaThread "Attach Listener" daemon [_thread_blocked, id=8992, stack(0x0000000019950000,0x0000000019a50000)]
  0x0000000018305800 JavaThread "Signal Dispatcher" daemon [_thread_blocked, id=8692, stack(0x0000000019850000,0x0000000019950000)]
  0x000000000498c000 JavaThread "Finalizer" daemon [_thread_blocked, id=10268, stack(0x0000000019560000,0x0000000019660000)]
  0x0000000004981000 JavaThread "Reference Handler" daemon [_thread_blocked, id=5532, stack(0x0000000019460000,0x0000000019560000)]
  0x000000000488e000 JavaThread "main" [_thread_blocked, id=5860, stack(0x00000000046e0000,0x00000000047e0000)]

Other Threads:
  0x00000000182c6800 VMThread [stack: 0x0000000019360000,0x0000000019460000] [id=7996]
  0x000000001835c000 WatcherThread [stack: 0x000000001a250000,0x000000001a350000] [id=6480]

VM state:not at safepoint (normal execution)

VM Mutex/Monitor currently owned by a thread: None

Heap:
 PSYoungGen      total 318976K, used 13417K [0x00000000e0000000, 0x00000000f4700000, 0x0000000100000000)
  eden space 308224K, 4% used [0x00000000e0000000,0x00000000e0d1a638,0x00000000f2d00000)
  from space 10752K, 0% used [0x00000000f3c80000,0x00000000f3c80000,0x00000000f4700000)
  to   space 13312K, 0% used [0x00000000f2d00000,0x00000000f2d00000,0x00000000f3a00000)
 ParOldGen       total 115712K, used 110087K [0x00000000a0000000, 0x00000000a7100000, 0x00000000e0000000)
  object space 115712K, 95% used [0x00000000a0000000,0x00000000a6b81ea8,0x00000000a7100000)
 Metaspace       used 77385K, capacity 80351K, committed 81368K, reserved 1120256K
  class space    used 9924K, capacity 10497K, committed 10752K, reserved 1048576K

Card table byte_map: [0x0000000013d50000,0x0000000014060000] byte_map_base: 0x0000000013850000

Marking Bits: (ParMarkBitMap*) 0x000000006e0f4970
 Begin Bits: [0x0000000014660000, 0x0000000015e60000)
 End Bits:   [0x0000000015e60000, 0x0000000017660000)

Polling page: 0x0000000002fa0000

CodeCache: size=245760Kb used=48535Kb max_used=48547Kb free=197224Kb
 bounds [0x0000000004990000, 0x0000000007940000, 0x0000000013990000]
 total_blobs=15223 nmethods=14398 adapters=735
 compilation: enabled

Compilation events (10 events):
Event: 219.816 Thread 0x0000000018301000 17857       2       com.android.tools.r8.code.DivFloat2Addr::collectIndexedItems (6 bytes)
Event: 219.817 Thread 0x0000000018301000 nmethod 17857 0x0000000007915c50 code [0x0000000007915da0, 0x0000000007915ef0]
Event: 219.817 Thread 0x0000000018301000 17858       2       com.android.tools.r8.code.MoveWide::collectIndexedItems (6 bytes)
Event: 219.817 Thread 0x0000000018301000 nmethod 17858 0x0000000007915910 code [0x0000000007915a60, 0x0000000007915bb0]
Event: 219.822 Thread 0x0000000018301000 17859       2       com.android.tools.r8.code.SubFloat::collectIndexedItems (6 bytes)
Event: 219.823 Thread 0x0000000018301000 nmethod 17859 0x00000000079155d0 code [0x0000000007915720, 0x0000000007915870]
Event: 219.846 Thread 0x0000000018301000 17860       2       com.android.tools.r8.code.OrInt2Addr::collectIndexedItems (6 bytes)
Event: 219.846 Thread 0x0000000018301000 nmethod 17860 0x0000000007915290 code [0x00000000079153e0, 0x0000000007915530]
Event: 219.852 Thread 0x0000000018301000 17861       2       com.android.tools.r8.code.SubFloat2Addr::collectIndexedItems (6 bytes)
Event: 219.853 Thread 0x0000000018301000 nmethod 17861 0x0000000007914f50 code [0x00000000079150a0, 0x00000000079151f0]

GC Heap History (10 events):
Event: 203.901 GC heap before
{Heap before GC invocations=68 (full 4):
 PSYoungGen      total 321536K, used 313339K [0x00000000e0000000, 0x00000000f4700000, 0x0000000100000000)
  eden space 308224K, 100% used [0x00000000e0000000,0x00000000f2d00000,0x00000000f2d00000)
  from space 13312K, 38% used [0x00000000f2d00000,0x00000000f31fee20,0x00000000f3a00000)
  to   space 10752K, 0% used [0x00000000f3c80000,0x00000000f3c80000,0x00000000f4700000)
 ParOldGen       total 105984K, used 85206K [0x00000000a0000000, 0x00000000a6780000, 0x00000000e0000000)
  object space 105984K, 80% used [0x00000000a0000000,0x00000000a5335888,0x00000000a6780000)
 Metaspace       used 76742K, capacity 80039K, committed 80216K, reserved 1118208K
  class space    used 9941K, capacity 10579K, committed 10624K, reserved 1048576K
Event: 203.928 GC heap after
Heap after GC invocations=68 (full 4):
 PSYoungGen      total 318976K, used 7822K [0x00000000e0000000, 0x00000000f4700000, 0x0000000100000000)
  eden space 308224K, 0% used [0x00000000e0000000,0x00000000e0000000,0x00000000f2d00000)
  from space 10752K, 72% used [0x00000000f3c80000,0x00000000f4423888,0x00000000f4700000)
  to   space 13312K, 0% used [0x00000000f2d00000,0x00000000f2d00000,0x00000000f3a00000)
 ParOldGen       total 105984K, used 85270K [0x00000000a0000000, 0x00000000a6780000, 0x00000000e0000000)
  object space 105984K, 80% used [0x00000000a0000000,0x00000000a5345888,0x00000000a6780000)
 Metaspace       used 76742K, capacity 80039K, committed 80216K, reserved 1118208K
  class space    used 9941K, capacity 10579K, committed 10624K, reserved 1048576K
}
Event: 205.493 GC heap before
{Heap before GC invocations=69 (full 4):
 PSYoungGen      total 318976K, used 316046K [0x00000000e0000000, 0x00000000f4700000, 0x0000000100000000)
  eden space 308224K, 100% used [0x00000000e0000000,0x00000000f2d00000,0x00000000f2d00000)
  from space 10752K, 72% used [0x00000000f3c80000,0x00000000f4423888,0x00000000f4700000)
  to   space 13312K, 0% used [0x00000000f2d00000,0x00000000f2d00000,0x00000000f3a00000)
 ParOldGen       total 105984K, used 85270K [0x00000000a0000000, 0x00000000a6780000, 0x00000000e0000000)
  object space 105984K, 80% used [0x00000000a0000000,0x00000000a5345888,0x00000000a6780000)
 Metaspace       used 76760K, capacity 80113K, committed 80216K, reserved 1118208K
  class space    used 9942K, capacity 10580K, committed 10624K, reserved 1048576K
Event: 205.519 GC heap after
Heap after GC invocations=69 (full 4):
 PSYoungGen      total 321536K, used 5239K [0x00000000e0000000, 0x00000000f4700000, 0x0000000100000000)
  eden space 308224K, 0% used [0x00000000e0000000,0x00000000e0000000,0x00000000f2d00000)
  from space 13312K, 39% used [0x00000000f2d00000,0x00000000f321dcb0,0x00000000f3a00000)
  to   space 10752K, 0% used [0x00000000f3c80000,0x00000000f3c80000,0x00000000f4700000)
 ParOldGen       total 105984K, used 89305K [0x00000000a0000000, 0x00000000a6780000, 0x00000000e0000000)
  object space 105984K, 84% used [0x00000000a0000000,0x00000000a57364b8,0x00000000a6780000)
 Metaspace       used 76760K, capacity 80113K, committed 80216K, reserved 1118208K
  class space    used 9942K, capacity 10580K, committed 10624K, reserved 1048576K
}
Event: 209.433 GC heap before
{Heap before GC invocations=70 (full 4):
 PSYoungGen      total 321536K, used 313463K [0x00000000e0000000, 0x00000000f4700000, 0x0000000100000000)
  eden space 308224K, 100% used [0x00000000e0000000,0x00000000f2d00000,0x00000000f2d00000)
  from space 13312K, 39% used [0x00000000f2d00000,0x00000000f321dcb0,0x00000000f3a00000)
  to   space 10752K, 0% used [0x00000000f3c80000,0x00000000f3c80000,0x00000000f4700000)
 ParOldGen       total 105984K, used 89305K [0x00000000a0000000, 0x00000000a6780000, 0x00000000e0000000)
  object space 105984K, 84% used [0x00000000a0000000,0x00000000a57364b8,0x00000000a6780000)
 Metaspace       used 76920K, capacity 80253K, committed 80472K, reserved 1120256K
  class space    used 9952K, capacity 10582K, committed 10624K, reserved 1048576K
Event: 209.458 GC heap after
Heap after GC invocations=70 (full 4):
 PSYoungGen      total 318976K, used 3075K [0x00000000e0000000, 0x00000000f4700000, 0x0000000100000000)
  eden space 308224K, 0% used [0x00000000e0000000,0x00000000e0000000,0x00000000f2d00000)
  from space 10752K, 28% used [0x00000000f3c80000,0x00000000f3f80cd0,0x00000000f4700000)
  to   space 13312K, 0% used [0x00000000f2d00000,0x00000000f2d00000,0x00000000f3a00000)
 ParOldGen       total 105984K, used 91232K [0x00000000a0000000, 0x00000000a6780000, 0x00000000e0000000)
  object space 105984K, 86% used [0x00000000a0000000,0x00000000a59181f8,0x00000000a6780000)
 Metaspace       used 76920K, capacity 80253K, committed 80472K, reserved 1120256K
  class space    used 9952K, capacity 10582K, committed 10624K, reserved 1048576K
}
Event: 218.789 GC heap before
{Heap before GC invocations=71 (full 4):
 PSYoungGen      total 318976K, used 311299K [0x00000000e0000000, 0x00000000f4700000, 0x0000000100000000)
  eden space 308224K, 100% used [0x00000000e0000000,0x00000000f2d00000,0x00000000f2d00000)
  from space 10752K, 28% used [0x00000000f3c80000,0x00000000f3f80cd0,0x00000000f4700000)
  to   space 13312K, 0% used [0x00000000f2d00000,0x00000000f2d00000,0x00000000f3a00000)
 ParOldGen       total 105984K, used 91232K [0x00000000a0000000, 0x00000000a6780000, 0x00000000e0000000)
  object space 105984K, 86% used [0x00000000a0000000,0x00000000a59181f8,0x00000000a6780000)
 Metaspace       used 77624K, capacity 81009K, committed 81368K, reserved 1120256K
  class space    used 10007K, capacity 10640K, committed 10752K, reserved 1048576K
Event: 219.060 GC heap after
Heap after GC invocations=71 (full 4):
 PSYoungGen      total 318976K, used 311299K [0x00000000e0000000, 0x00000000f4700000, 0x0000000100000000)
  eden space 308224K, 100% used [0x00000000e0000000,0x00000000f2d00000,0x00000000f2d00000)
  from space 10752K, 28% used [0x00000000f3c80000,0x00000000f3f80cd0,0x00000000f4700000)
  to   space 13312K, 99% used [0x00000000f2d00000,0x00000000f39f8d50,0x00000000f3a00000)
 ParOldGen       total 115712K, used 115707K [0x00000000a0000000, 0x00000000a7100000, 0x00000000e0000000)
  object space 115712K, 99% used [0x00000000a0000000,0x00000000a70fecc8,0x00000000a7100000)
 Metaspace       used 77624K, capacity 81009K, committed 81368K, reserved 1120256K
  class space    used 10007K, capacity 10640K, committed 10752K, reserved 1048576K
}
Event: 219.060 GC heap before
{Heap before GC invocations=72 (full 5):
 PSYoungGen      total 318976K, used 311299K [0x00000000e0000000, 0x00000000f4700000, 0x0000000100000000)
  eden space 308224K, 100% used [0x00000000e0000000,0x00000000f2d00000,0x00000000f2d00000)
  from space 10752K, 28% used [0x00000000f3c80000,0x00000000f3f80cd0,0x00000000f4700000)
  to   space 13312K, 99% used [0x00000000f2d00000,0x00000000f39f8d50,0x00000000f3a00000)
 ParOldGen       total 115712K, used 115707K [0x00000000a0000000, 0x00000000a7100000, 0x00000000e0000000)
  object space 115712K, 99% used [0x00000000a0000000,0x00000000a70fecc8,0x00000000a7100000)
 Metaspace       used 77624K, capacity 81009K, committed 81368K, reserved 1120256K
  class space    used 10007K, capacity 10640K, committed 10752K, reserved 1048576K
Event: 219.722 GC heap after
Heap after GC invocations=72 (full 5):
 PSYoungGen      total 318976K, used 0K [0x00000000e0000000, 0x00000000f4700000, 0x0000000100000000)
  eden space 308224K, 0% used [0x00000000e0000000,0x00000000e0000000,0x00000000f2d00000)
  from space 10752K, 0% used [0x00000000f3c80000,0x00000000f3c80000,0x00000000f4700000)
  to   space 13312K, 0% used [0x00000000f2d00000,0x00000000f2d00000,0x00000000f3a00000)
 ParOldGen       total 115712K, used 110087K [0x00000000a0000000, 0x00000000a7100000, 0x00000000e0000000)
  object space 115712K, 95% used [0x00000000a0000000,0x00000000a6b81ea8,0x00000000a7100000)
 Metaspace       used 77385K, capacity 80351K, committed 81368K, reserved 1120256K
  class space    used 9924K, capacity 10497K, committed 10752K, reserved 1048576K
}

Deoptimization events (10 events):
Event: 207.272 Thread 0x000000001ff8d000 Uncommon trap: reason=class_check action=maybe_recompile pc=0x00000000073e173c method=com.android.tools.r8.utils.InternalOptions.isGeneratingDexIndexed()Z @ 4
Event: 207.272 Thread 0x000000001ff8c800 Uncommon trap: reason=class_check action=maybe_recompile pc=0x00000000073e173c method=com.android.tools.r8.utils.InternalOptions.isGeneratingDexIndexed()Z @ 4
Event: 208.090 Thread 0x000000001ff8b000 Uncommon trap: reason=unstable_if action=reinterpret pc=0x00000000075edd74 method=com.android.tools.r8.ir.conversion.IRBuilder.insertDebugPositions()Z @ 148
Event: 209.658 Thread 0x000000001ff88800 Uncommon trap: reason=unstable_if action=reinterpret pc=0x0000000007022104 method=java.util.concurrent.ConcurrentHashMap.putVal(Ljava/lang/Object;Ljava/lang/Object;Z)Ljava/lang/Object; @ 147
Event: 212.666 Thread 0x0000000019d9a000 Uncommon trap: reason=class_check action=maybe_recompile pc=0x00000000064102b0 method=java.io.BufferedOutputStream.flush()V @ 8
Event: 212.721 Thread 0x0000000019d9a000 Uncommon trap: reason=class_check action=maybe_recompile pc=0x00000000064102b0 method=java.io.BufferedOutputStream.flush()V @ 8
Event: 217.410 Thread 0x00000000228e1800 Uncommon trap: reason=unstable_if action=reinterpret pc=0x0000000005a3c1d4 method=java.nio.Bits.getShort(Ljava/nio/ByteBuffer;IZ)S @ 1
Event: 217.834 Thread 0x000000001ff87000 Uncommon trap: reason=unstable_if action=reinterpret pc=0x000000000564662c method=java.util.Arrays.hashCode([Ljava/lang/Object;)I @ 1
Event: 217.920 Thread 0x000000001ff87000 Uncommon trap: reason=unstable_if action=reinterpret pc=0x0000000006d93d80 method=com.android.tools.r8.utils.IdentifierUtils.isSimpleNameChar(C)Z @ 51
Event: 218.303 Thread 0x000000001ff81000 Uncommon trap: reason=unstable_if action=reinterpret pc=0x000000000773fe90 method=com.android.tools.r8.graph.DexString.slowCompareTo(Lcom/android/tools/r8/graph/DexString;)I @ 80

Classes redefined (0 events):
No events

Internal exceptions (10 events):
Event: 212.564 Thread 0x000000001ff87000 Exception <a 'sun/nio/fs/WindowsException'> (0x00000000e84cecf8) thrown at [D:\src\AOSP-openjdk-cygwin\jdk8u\hotspot\src\share\vm\prims\jni.cpp, line 709]
Event: 212.565 Thread 0x000000001ff87000 Exception <a 'sun/nio/fs/WindowsException'> (0x00000000e84cf3f8) thrown at [D:\src\AOSP-openjdk-cygwin\jdk8u\hotspot\src\share\vm\prims\jni.cpp, line 709]
Event: 212.565 Thread 0x000000001ff87000 Exception <a 'sun/nio/fs/WindowsException'> (0x00000000e84cfcc8) thrown at [D:\src\AOSP-openjdk-cygwin\jdk8u\hotspot\src\share\vm\prims\jni.cpp, line 709]
Event: 212.565 Thread 0x000000001ff87000 Exception <a 'sun/nio/fs/WindowsException'> (0x00000000e84d05c8) thrown at [D:\src\AOSP-openjdk-cygwin\jdk8u\hotspot\src\share\vm\prims\jni.cpp, line 709]
Event: 212.565 Thread 0x000000001ff87000 Exception <a 'sun/nio/fs/WindowsException'> (0x00000000e84d0e78) thrown at [D:\src\AOSP-openjdk-cygwin\jdk8u\hotspot\src\share\vm\prims\jni.cpp, line 709]
Event: 212.565 Thread 0x000000001ff87000 Exception <a 'sun/nio/fs/WindowsException'> (0x00000000e84d1758) thrown at [D:\src\AOSP-openjdk-cygwin\jdk8u\hotspot\src\share\vm\prims\jni.cpp, line 709]
Event: 212.565 Thread 0x000000001ff87000 Exception <a 'sun/nio/fs/WindowsException'> (0x00000000e84d1fd0) thrown at [D:\src\AOSP-openjdk-cygwin\jdk8u\hotspot\src\share\vm\prims\jni.cpp, line 709]
Event: 212.565 Thread 0x000000001ff87000 Exception <a 'sun/nio/fs/WindowsException'> (0x00000000e84d2890) thrown at [D:\src\AOSP-openjdk-cygwin\jdk8u\hotspot\src\share\vm\prims\jni.cpp, line 709]
Event: 217.356 Thread 0x00000000228e1800 Exception <a 'sun/nio/fs/WindowsException'> (0x00000000eb213900) thrown at [D:\src\AOSP-openjdk-cygwin\jdk8u\hotspot\src\share\vm\prims\jni.cpp, line 709]
Event: 217.834 Thread 0x000000001ff87000 Implicit null exception at 0x000000000564652f to 0x000000000564661d

Events (10 events):
Event: 218.310 Thread 0x000000001ff81000 DEOPT UNPACKING pc=0x00000000049d75d0 sp=0x0000000037ade138 mode 0
Event: 218.346 Executing VM operation: RevokeBias
Event: 218.346 Executing VM operation: RevokeBias done
Event: 218.364 Thread 0x00000000228e1800 DEOPT PACKING pc=0x00000000072d764e sp=0x000000002590cb30
Event: 218.364 Thread 0x00000000228e1800 DEOPT UNPACKING pc=0x00000000049d75d0 sp=0x000000002590c8b8 mode 0
Event: 218.592 Executing VM operation: RevokeBias
Event: 218.592 Executing VM operation: RevokeBias done
Event: 218.592 Thread 0x000000001ff82000 Thread exited: 0x000000001ff82000
Event: 218.788 Executing VM operation: ParallelGCFailedAllocation
Event: 219.722 Executing VM operation: ParallelGCFailedAllocation done


Dynamic libraries:
0x00007ff7d5460000 - 0x00007ff7d5491000 	C:\Program Files\Android\Android Studio\jre\bin\java.exe
0x00007fffba6a0000 - 0x00007fffba880000 	C:\WINDOWS\SYSTEM32\ntdll.dll
0x00007fffba560000 - 0x00007fffba60e000 	C:\WINDOWS\System32\KERNEL32.DLL
0x00007fffb7830000 - 0x00007fffb7a96000 	C:\WINDOWS\System32\KERNELBASE.dll
0x00007fffb9ff0000 - 0x00007fffba091000 	C:\WINDOWS\System32\ADVAPI32.dll
0x00007fffb9eb0000 - 0x00007fffb9f4d000 	C:\WINDOWS\System32\msvcrt.dll
0x00007fffb7c40000 - 0x00007fffb7c9b000 	C:\WINDOWS\System32\sechost.dll
0x00007fffb8350000 - 0x00007fffb846f000 	C:\WINDOWS\System32\RPCRT4.dll
0x00007fffb98c0000 - 0x00007fffb9a4f000 	C:\WINDOWS\System32\USER32.dll
0x00007fffb7aa0000 - 0x00007fffb7ac0000 	C:\WINDOWS\System32\win32u.dll
0x00007fffb7ca0000 - 0x00007fffb7cc8000 	C:\WINDOWS\System32\GDI32.dll
0x00007fffb6aa0000 - 0x00007fffb6c33000 	C:\WINDOWS\System32\gdi32full.dll
0x00007fffb6fc0000 - 0x00007fffb705b000 	C:\WINDOWS\System32\msvcp_win.dll
0x00007fffb6c40000 - 0x00007fffb6d36000 	C:\WINDOWS\System32\ucrtbase.dll
0x00007fffa63f0000 - 0x00007fffa6659000 	C:\WINDOWS\WinSxS\amd64_microsoft.windows.common-controls_6595b64144ccf1df_6.0.16299.431_none_15c7d3ee93659e73\COMCTL32.dll
0x00007fffb7d50000 - 0x00007fffb8058000 	C:\WINDOWS\System32\combase.dll
0x00007fffb7060000 - 0x00007fffb70d2000 	C:\WINDOWS\System32\bcryptPrimitives.dll
0x00007fffb9e80000 - 0x00007fffb9ead000 	C:\WINDOWS\System32\IMM32.DLL
0x000000006d850000 - 0x000000006d922000 	C:\Program Files\Android\Android Studio\jre\jre\bin\msvcr100.dll
0x000000006d930000 - 0x000000006e16f000 	C:\Program Files\Android\Android Studio\jre\jre\bin\server\jvm.dll
0x00007fffb9d30000 - 0x00007fffb9d38000 	C:\WINDOWS\System32\PSAPI.DLL
0x00007fffb4210000 - 0x00007fffb4233000 	C:\WINDOWS\SYSTEM32\WINMM.dll
0x00007fffa6e40000 - 0x00007fffa6e4a000 	C:\WINDOWS\SYSTEM32\VERSION.dll
0x00007fffb5590000 - 0x00007fffb5599000 	C:\WINDOWS\SYSTEM32\WSOCK32.dll
0x00007fffba0a0000 - 0x00007fffba10c000 	C:\WINDOWS\System32\WS2_32.dll
0x00007fffb41b0000 - 0x00007fffb41da000 	C:\WINDOWS\SYSTEM32\winmmbase.dll
0x00007fffb6d40000 - 0x00007fffb6d8a000 	C:\WINDOWS\System32\cfgmgr32.dll
0x00007fffb4270000 - 0x00007fffb427f000 	C:\Program Files\Android\Android Studio\jre\jre\bin\verify.dll
0x00007fffac2e0000 - 0x00007fffac309000 	C:\Program Files\Android\Android Studio\jre\jre\bin\java.dll
0x00007fffad840000 - 0x00007fffad856000 	C:\Program Files\Android\Android Studio\jre\jre\bin\zip.dll
0x00007fffb8470000 - 0x00007fffb98a8000 	C:\WINDOWS\System32\SHELL32.dll
0x00007fffb9a50000 - 0x00007fffb9af6000 	C:\WINDOWS\System32\shcore.dll
0x00007fffb70e0000 - 0x00007fffb7827000 	C:\WINDOWS\System32\windows.storage.dll
0x00007fffba610000 - 0x00007fffba661000 	C:\WINDOWS\System32\shlwapi.dll
0x00007fffb6a80000 - 0x00007fffb6a91000 	C:\WINDOWS\System32\kernel.appcore.dll
0x00007fffb69f0000 - 0x00007fffb6a3c000 	C:\WINDOWS\System32\powrprof.dll
0x00007fffb6a40000 - 0x00007fffb6a5b000 	C:\WINDOWS\System32\profapi.dll
0x00007fffac250000 - 0x00007fffac26a000 	C:\Program Files\Android\Android Studio\jre\jre\bin\net.dll
0x00007fffb6280000 - 0x00007fffb62e6000 	C:\WINDOWS\system32\mswsock.dll
0x00007fffac230000 - 0x00007fffac241000 	C:\Program Files\Android\Android Studio\jre\jre\bin\nio.dll
0x00007fffb2360000 - 0x00007fffb237e000 	C:\Users\Vanessa\.gradle\native\25\windows-amd64\native-platform.dll
0x00007fffb4260000 - 0x00007fffb426d000 	C:\Program Files\Android\Android Studio\jre\jre\bin\management.dll
0x00007fffb6450000 - 0x00007fffb6467000 	C:\WINDOWS\SYSTEM32\CRYPTSP.dll
0x00007fffb5e20000 - 0x00007fffb5e53000 	C:\WINDOWS\system32\rsaenh.dll
0x00007fffb6550000 - 0x00007fffb6575000 	C:\WINDOWS\SYSTEM32\bcrypt.dll
0x00007fffb68f0000 - 0x00007fffb6919000 	C:\WINDOWS\SYSTEM32\USERENV.dll
0x00007fffb6440000 - 0x00007fffb644b000 	C:\WINDOWS\SYSTEM32\CRYPTBASE.dll
0x00007fffb5fb0000 - 0x00007fffb5fe9000 	C:\WINDOWS\SYSTEM32\IPHLPAPI.DLL
0x00007fffb9e70000 - 0x00007fffb9e78000 	C:\WINDOWS\System32\NSI.dll
0x00007fffad040000 - 0x00007fffad056000 	C:\WINDOWS\SYSTEM32\dhcpcsvc6.DLL
0x00007fffad010000 - 0x00007fffad02a000 	C:\WINDOWS\SYSTEM32\dhcpcsvc.DLL
0x00007fffb5b20000 - 0x00007fffb5b51000 	C:\WINDOWS\SYSTEM32\ntmarta.dll

VM Arguments:
jvm_args: -Xmx1536m -Dfile.encoding=windows-1252 -Duser.country=GB -Duser.language=en -Duser.variant 
java_command: org.gradle.launcher.daemon.bootstrap.GradleDaemon 4.4
java_class_path (initial): C:\Users\Vanessa\.gradle\wrapper\dists\gradle-4.4-all\9br9xq1tocpiv8o6njlyu5op1\gradle-4.4\lib\gradle-launcher-4.4.jar
Launcher Type: SUN_STANDARD

Environment Variables:
PATH=C:\Program Files (x86)\Google\Chrome\Application;C:\ProgramData\Oracle\Java\javapath;C:\Program Files (x86)\Intel\iCLS Client\;C:\Program Files\Intel\iCLS Client\;C:\WINDOWS\system32;C:\WINDOWS;C:\WINDOWS\System32\Wbem;C:\WINDOWS\System32\WindowsPowerShell\v1.0\;C:\Program Files (x86)\Intel\Intel(R) Management Engine Components\DAL;C:\Program Files\Intel\Intel(R) Management Engine Components\DAL;C:\Program Files (x86)\Intel\Intel(R) Management Engine Components\IPT;C:\Program Files\Intel\Intel(R) Management Engine Components\IPT;C:\Program Files\Git\cmd;C:\Program Files\nodejs\;C:\Users\Vanessa\AppData\Local\Microsoft\WindowsApps;C:\Users\Vanessa\AppData\Roaming\npm;
USERNAME=Vanessa
OS=Windows_NT
PROCESSOR_IDENTIFIER=Intel64 Family 6 Model 61 Stepping 4, GenuineIntel



---------------  S Y S T E M  ---------------

OS: Windows 10.0 , 64 bit Build 16299 (10.0.16299.431)

CPU:total 4 (initial active 4) (2 cores per cpu, 2 threads per core) family 6 model 61 stepping 4, cmov, cx8, fxsr, mmx, sse, sse2, sse3, ssse3, sse4.1, sse4.2, popcnt, avx, avx2, aes, clmul, erms, 3dnowpref, lzcnt, ht, tsc, tscinvbit, bmi1, bmi2, adx

Memory: 4k page, physical 4093376k(281112k free), swap 10311104k(3684k free)

vm_info: OpenJDK 64-Bit Server VM (25.152-b02) for windows-amd64 JRE (1.8.0_152-release-1024-b02), built by "builder" with MS VC++ 10.0 (VS2010)

time: Mon May 28 17:18:19 2018
elapsed time: 219 seconds (0d 0h 3m 39s)

